#
# A fatal error has been detected by the Java Runtime Environment:
#
#  EXCEPTION_ACCESS_VIOLATION (0xc0000005) at pc=0x00007ffb2071c39c, pid=16440, tid=11932
#
# JRE version: Java(TM) SE Runtime Environment 18.9 (11.0.12+8) (build 11.0.12+8-LTS-237)
# Java VM: Java HotSpot(TM) 64-Bit Server VM 18.9 (11.0.12+8-LTS-237, mixed mode, tiered, compressed oops, g1 gc, windows-amd64)
# Problematic frame:
# C  [atio6axx.dll+0x1f9c39c]
#
# No core dump will be written. Minidumps are not enabled by default on client versions of Windows
#
# If you would like to submit a bug report, please visit:
#   https://bugreport.java.com/bugreport/crash.jsp
# The crash happened outside the Java Virtual Machine in native code.
# See problematic frame for where to report the bug.
#

---------------  S U M M A R Y ------------

Command Line: -Dfile.encoding=windows-1252 -Duser.country=US -Duser.language=en -Duser.variant com.mygdx.game.DesktopLauncher

Host: AMD Ryzen 5 4500U with Radeon Graphics         , 6 cores, 15G,  Windows 10 , 64 bit Build 22621 (10.0.22621.2428)
Time: Sat Oct 14 19:32:44 2023 Eastern Daylight Time elapsed time: 2.314893 seconds (0d 0h 0m 2s)

---------------  T H R E A D  ---------------

Current thread (0x000001fdd3fa2000):  JavaThread "main" [_thread_in_native, id=11932, stack(0x0000000d73a00000,0x0000000d73b00000)]

Stack: [0x0000000d73a00000,0x0000000d73b00000],  sp=0x0000000d73afe118,  free space=1016k
Native frames: (J=compiled Java code, j=interpreted, Vv=VM code, C=native code)
C  [atio6axx.dll+0x1f9c39c]

Java frames: (J=compiled Java code, j=interpreted, Vv=VM code)
j  org.lwjgl.opengl.GL11C.nglDrawElements(IIIJ)V+0
j  org.lwjgl.opengl.GL11C.glDrawElements(ILjava/nio/ShortBuffer;)V+12
j  org.lwjgl.opengl.GL11.glDrawElements(ILjava/nio/ShortBuffer;)V+2
j  com.badlogic.gdx.backends.lwjgl3.Lwjgl3GL20.glDrawElements(IIILjava/nio/Buffer;)V+49
j  com.badlogic.gdx.graphics.Mesh.render(Lcom/badlogic/gdx/graphics/glutils/ShaderProgram;IIIZ)V+79
j  com.badlogic.gdx.graphics.Mesh.render(Lcom/badlogic/gdx/graphics/glutils/ShaderProgram;III)V+10
j  com.badlogic.gdx.graphics.g2d.SpriteBatch.flush()V+187
j  com.badlogic.gdx.graphics.g2d.SpriteBatch.switchTexture(Lcom/badlogic/gdx/graphics/Texture;)V+1
j  com.badlogic.gdx.graphics.g2d.SpriteBatch.draw(Lcom/badlogic/gdx/graphics/Texture;[FII)V+38
j  com.badlogic.gdx.graphics.g2d.Sprite.draw(Lcom/badlogic/gdx/graphics/g2d/Batch;)V+12
j  com.mygdx.game.SimpleButton.draw(Lcom/badlogic/gdx/graphics/g2d/SpriteBatch;)V+5
j  com.mygdx.game.MyGame.render()V+72
j  com.badlogic.gdx.backends.lwjgl3.Lwjgl3Window.update()Z+187
j  com.badlogic.gdx.backends.lwjgl3.Lwjgl3Application.loop()V+111
j  com.badlogic.gdx.backends.lwjgl3.Lwjgl3Application.<init>(Lcom/badlogic/gdx/ApplicationListener;Lcom/badlogic/gdx/backends/lwjgl3/Lwjgl3ApplicationConfiguration;)V+269
j  com.mygdx.game.DesktopLauncher.main([Ljava/lang/String;)V+47
v  ~StubRoutines::call_stub

siginfo: EXCEPTION_ACCESS_VIOLATION (0xc0000005), reading address 0x000001fdfab76f9c


Register to memory mapping:

RIP=0x00007ffb2071c39c atio6axx.dll
RAX=0x000001fd81b2808c points into unknown readable memory: 00 00 00 00
RBX=0x000001fd81b2808c points into unknown readable memory: 00 00 00 00
RCX=0x000001fd81b2808c points into unknown readable memory: 00 00 00 00
RDX=0x000001fdfab76f9c is an unknown value
RSP=0x0000000d73afe118 is pointing into the stack for thread: 0x000001fdd3fa2000
RBP=0x000000000009798c is an unknown value
RSI=0x0000000000000001 is an unknown value
RDI=0x000001fdf89bd228 points into unknown readable memory: 0x00007ffb2199c858 | 58 c8 99 21 fb 7f 00 00
R8 =0x000000000009b140 is an unknown value
R9 =0x0000000000097901 is an unknown value
R10=0x00007ffb1e780000 atio6axx.dll
R11=0x000001fdfaaf2eac points into unknown readable memory: cc 53 3e 47
R12=0x0 is NULL
R13=0x000001fd82c596b8 points into unknown readable memory: 0x00007ffb219cef40 | 40 ef 9c 21 fb 7f 00 00
R14=0x000001fd8427d880 points into unknown readable memory: 0x0000000000132b00 | 00 2b 13 00 00 00 00 00
R15=0x000000000009b140 is an unknown value


Registers:
RAX=0x000001fd81b2808c, RBX=0x000001fd81b2808c, RCX=0x000001fd81b2808c, RDX=0x000001fdfab76f9c
RSP=0x0000000d73afe118, RBP=0x000000000009798c, RSI=0x0000000000000001, RDI=0x000001fdf89bd228
R8 =0x000000000009b140, R9 =0x0000000000097901, R10=0x00007ffb1e780000, R11=0x000001fdfaaf2eac
R12=0x0000000000000000, R13=0x000001fd82c596b8, R14=0x000001fd8427d880, R15=0x000000000009b140
RIP=0x00007ffb2071c39c, EFLAGS=0x0000000000010246

Top of Stack: (sp=0x0000000d73afe118)
0x0000000d73afe118:   00007ffb1e853b4c 000068ec92e30837
0x0000000d73afe128:   000001fdfaaf2ea0 0000000000001403
0x0000000d73afe138:   000001fd832174c8 000001fd8393a080
0x0000000d73afe148:   00007ffb1ee98bc3 0000000000000000
0x0000000d73afe158:   000001fd832179b8 000001fd8393a080
0x0000000d73afe168:   0000000000000000 028d52c4d9091d46
0x0000000d73afe178:   de138221acfd1c88 0000000800000014
0x0000000d73afe188:   0000000000000004 0000000000001403
0x0000000d73afe198:   000001fdfaaf2ea0 0000000000000000
0x0000000d73afe1a8:   0000000000000006 000001fd8393a080
0x0000000d73afe1b8:   000001fdf9d78920 0000000000000257
0x0000000d73afe1c8:   00007ffb1ee98934 0000000000000001
0x0000000d73afe1d8:   000001fd83930257 00007ffb00000000
0x0000000d73afe1e8:   000001fd832174c8 0000000000000000
0x0000000d73afe1f8:   000001fd00000000 000001fd00000004
0x0000000d73afe208:   0000000000000003 000001fd8427e060 

Instructions: (pc=0x00007ffb2071c39c)
0x00007ffb2071c37c:   00 49 81 f8 00 20 00 00 76 16 49 81 f8 00 00 18
0x00007ffb2071c38c:   00 77 0d f6 05 ae d8 a2 01 02 0f 85 64 fe ff ff
0x00007ffb2071c39c:   c5 fe 6f 02 c4 a1 7e 6f 6c 02 e0 49 81 f8 00 01
0x00007ffb2071c3ac:   00 00 0f 86 c4 00 00 00 4c 8b c9 49 83 e1 1f 49 


Stack slot to memory mapping:
stack at sp + 0 slots: 0x00007ffb1e853b4c atio6axx.dll
stack at sp + 1 slots: 0x000068ec92e30837 is an unknown value
stack at sp + 2 slots: 0x000001fdfaaf2ea0 points into unknown readable memory: 0xf35af556db0d7947 | 47 79 0d db 56 f5 5a f3
stack at sp + 3 slots: 0x0000000000001403 is an unknown value
stack at sp + 4 slots: 0x000001fd832174c8 points into unknown readable memory: 0x0000000000000001 | 01 00 00 00 00 00 00 00
stack at sp + 5 slots: 0x000001fd8393a080 points into unknown readable memory: 0x00007ffb219cfc68 | 68 fc 9c 21 fb 7f 00 00
stack at sp + 6 slots: 0x00007ffb1ee98bc3 atio6axx.dll
stack at sp + 7 slots: 0x0 is NULL


---------------  P R O C E S S  ---------------

Threads class SMR info:
_java_thread_list=0x000001fd830e35d0, length=12, elements={
0x000001fdd3fa2000, 0x000001fdf709b800, 0x000001fdf70bf000, 0x000001fdf79a0800,
0x000001fdf79a2800, 0x000001fdf79a3800, 0x000001fdf79a8000, 0x000001fdf79a9000,
0x000001fdf79ac000, 0x000001fdf7b2c000, 0x000001fdf85ce000, 0x000001fd8321e800
}

Java Threads: ( => current thread )
=>0x000001fdd3fa2000 JavaThread "main" [_thread_in_native, id=11932, stack(0x0000000d73a00000,0x0000000d73b00000)]
  0x000001fdf709b800 JavaThread "Reference Handler" daemon [_thread_blocked, id=7444, stack(0x0000000d74100000,0x0000000d74200000)]
  0x000001fdf70bf000 JavaThread "Finalizer" daemon [_thread_blocked, id=6300, stack(0x0000000d74200000,0x0000000d74300000)]
  0x000001fdf79a0800 JavaThread "Signal Dispatcher" daemon [_thread_blocked, id=15752, stack(0x0000000d74300000,0x0000000d74400000)]
  0x000001fdf79a2800 JavaThread "Attach Listener" daemon [_thread_blocked, id=17132, stack(0x0000000d74400000,0x0000000d74500000)]
  0x000001fdf79a3800 JavaThread "Service Thread" daemon [_thread_blocked, id=8816, stack(0x0000000d74500000,0x0000000d74600000)]
  0x000001fdf79a8000 JavaThread "C2 CompilerThread0" daemon [_thread_blocked, id=13640, stack(0x0000000d74600000,0x0000000d74700000)]
  0x000001fdf79a9000 JavaThread "C1 CompilerThread0" daemon [_thread_blocked, id=21348, stack(0x0000000d74700000,0x0000000d74800000)]
  0x000001fdf79ac000 JavaThread "Sweeper thread" daemon [_thread_blocked, id=20492, stack(0x0000000d74800000,0x0000000d74900000)]
  0x000001fdf7b2c000 JavaThread "Common-Cleaner" daemon [_thread_blocked, id=19156, stack(0x0000000d74a00000,0x0000000d74b00000)]
  0x000001fdf85ce000 JavaThread "Thread-0" daemon [_thread_blocked, id=16372, stack(0x0000000d74b00000,0x0000000d74c00000)]
  0x000001fd8321e800 JavaThread "LWJGL3 Timer" daemon [_thread_blocked, id=4700, stack(0x0000000d75500000,0x0000000d75600000)]

Other Threads:
  0x000001fdf7099800 VMThread "VM Thread" [stack: 0x0000000d74000000,0x0000000d74100000] [id=11196]
  0x000001fdf7b2f000 WatcherThread [stack: 0x0000000d74900000,0x0000000d74a00000] [id=19320]
  0x000001fdd3fb8000 GCTaskThread "GC Thread#0" [stack: 0x0000000d73b00000,0x0000000d73c00000] [id=11696]
  0x000001fd83224000 GCTaskThread "GC Thread#1" [stack: 0x0000000d75600000,0x0000000d75700000] [id=19184]
  0x000001fd83224800 GCTaskThread "GC Thread#2" [stack: 0x0000000d75700000,0x0000000d75800000] [id=13084]
  0x000001fd83227800 GCTaskThread "GC Thread#3" [stack: 0x0000000d75800000,0x0000000d75900000] [id=8208]
  0x000001fd8322c000 GCTaskThread "GC Thread#4" [stack: 0x0000000d75900000,0x0000000d75a00000] [id=6932]
  0x000001fdd4010800 ConcurrentGCThread "G1 Main Marker" [stack: 0x0000000d73c00000,0x0000000d73d00000] [id=11320]
  0x000001fdd4011800 ConcurrentGCThread "G1 Conc#0" [stack: 0x0000000d73d00000,0x0000000d73e00000] [id=19508]
  0x000001fdf6f7c800 ConcurrentGCThread "G1 Refine#0" [stack: 0x0000000d73e00000,0x0000000d73f00000] [id=5464]
  0x000001fdf6f7d800 ConcurrentGCThread "G1 Young RemSet Sampling" [stack: 0x0000000d73f00000,0x0000000d74000000] [id=2360]

Threads with active compile tasks:

VM state:not at safepoint (normal execution)

VM Mutex/Monitor currently owned by a thread: None

Heap address: 0x000000070a000000, size: 3936 MB, Compressed Oops mode: Zero based, Oop shift amount: 3
Narrow klass base: 0x0000000800000000, Narrow klass shift: 0
Compressed class space size: 1073741824 Address: 0x0000000800000000

Heap:
 garbage-first heap   total 251904K, used 3422K [0x000000070a000000, 0x0000000800000000)
  region size 1024K, 5 young (5120K), 3 survivors (3072K)
 Metaspace       used 11845K, capacity 12005K, committed 12288K, reserved 1060864K
  class space    used 924K, capacity 1006K, committed 1024K, reserved 1048576K
Heap Regions: E=young(eden), S=young(survivor), O=old, HS=humongous(starts), HC=humongous(continues), CS=collection set, F=free, A=archive, TAMS=top-at-mark-start (previous, next)
|   0|0x000000070a000000, 0x000000070a000000, 0x000000070a100000|  0%| F|  |TAMS 0x000000070a000000, 0x000000070a000000| Untracked 
|   1|0x000000070a100000, 0x000000070a100000, 0x000000070a200000|  0%| F|  |TAMS 0x000000070a100000, 0x000000070a100000| Untracked 
|   2|0x000000070a200000, 0x000000070a200000, 0x000000070a300000|  0%| F|  |TAMS 0x000000070a200000, 0x000000070a200000| Untracked 
|   3|0x000000070a300000, 0x000000070a300000, 0x000000070a400000|  0%| F|  |TAMS 0x000000070a300000, 0x000000070a300000| Untracked 
|   4|0x000000070a400000, 0x000000070a400000, 0x000000070a500000|  0%| F|  |TAMS 0x000000070a400000, 0x000000070a400000| Untracked 
|   5|0x000000070a500000, 0x000000070a500000, 0x000000070a600000|  0%| F|  |TAMS 0x000000070a500000, 0x000000070a500000| Untracked 
|   6|0x000000070a600000, 0x000000070a600000, 0x000000070a700000|  0%| F|  |TAMS 0x000000070a600000, 0x000000070a600000| Untracked 
|   7|0x000000070a700000, 0x000000070a700000, 0x000000070a800000|  0%| F|  |TAMS 0x000000070a700000, 0x000000070a700000| Untracked 
|   8|0x000000070a800000, 0x000000070a800000, 0x000000070a900000|  0%| F|  |TAMS 0x000000070a800000, 0x000000070a800000| Untracked 
|   9|0x000000070a900000, 0x000000070a900000, 0x000000070aa00000|  0%| F|  |TAMS 0x000000070a900000, 0x000000070a900000| Untracked 
|  10|0x000000070aa00000, 0x000000070aa00000, 0x000000070ab00000|  0%| F|  |TAMS 0x000000070aa00000, 0x000000070aa00000| Untracked 
|  11|0x000000070ab00000, 0x000000070ab00000, 0x000000070ac00000|  0%| F|  |TAMS 0x000000070ab00000, 0x000000070ab00000| Untracked 
|  12|0x000000070ac00000, 0x000000070ac00000, 0x000000070ad00000|  0%| F|  |TAMS 0x000000070ac00000, 0x000000070ac00000| Untracked 
|  13|0x000000070ad00000, 0x000000070ad00000, 0x000000070ae00000|  0%| F|  |TAMS 0x000000070ad00000, 0x000000070ad00000| Untracked 
|  14|0x000000070ae00000, 0x000000070ae00000, 0x000000070af00000|  0%| F|  |TAMS 0x000000070ae00000, 0x000000070ae00000| Untracked 
|  15|0x000000070af00000, 0x000000070af00000, 0x000000070b000000|  0%| F|  |TAMS 0x000000070af00000, 0x000000070af00000| Untracked 
|  16|0x000000070b000000, 0x000000070b000000, 0x000000070b100000|  0%| F|  |TAMS 0x000000070b000000, 0x000000070b000000| Untracked 
|  17|0x000000070b100000, 0x000000070b100000, 0x000000070b200000|  0%| F|  |TAMS 0x000000070b100000, 0x000000070b100000| Untracked 
|  18|0x000000070b200000, 0x000000070b200000, 0x000000070b300000|  0%| F|  |TAMS 0x000000070b200000, 0x000000070b200000| Untracked 
|  19|0x000000070b300000, 0x000000070b300000, 0x000000070b400000|  0%| F|  |TAMS 0x000000070b300000, 0x000000070b300000| Untracked 
|  20|0x000000070b400000, 0x000000070b400000, 0x000000070b500000|  0%| F|  |TAMS 0x000000070b400000, 0x000000070b400000| Untracked 
|  21|0x000000070b500000, 0x000000070b500000, 0x000000070b600000|  0%| F|  |TAMS 0x000000070b500000, 0x000000070b500000| Untracked 
|  22|0x000000070b600000, 0x000000070b600000, 0x000000070b700000|  0%| F|  |TAMS 0x000000070b600000, 0x000000070b600000| Untracked 
|  23|0x000000070b700000, 0x000000070b700000, 0x000000070b800000|  0%| F|  |TAMS 0x000000070b700000, 0x000000070b700000| Untracked 
|  24|0x000000070b800000, 0x000000070b800000, 0x000000070b900000|  0%| F|  |TAMS 0x000000070b800000, 0x000000070b800000| Untracked 
|  25|0x000000070b900000, 0x000000070b900000, 0x000000070ba00000|  0%| F|  |TAMS 0x000000070b900000, 0x000000070b900000| Untracked 
|  26|0x000000070ba00000, 0x000000070ba00000, 0x000000070bb00000|  0%| F|  |TAMS 0x000000070ba00000, 0x000000070ba00000| Untracked 
|  27|0x000000070bb00000, 0x000000070bb00000, 0x000000070bc00000|  0%| F|  |TAMS 0x000000070bb00000, 0x000000070bb00000| Untracked 
|  28|0x000000070bc00000, 0x000000070bc00000, 0x000000070bd00000|  0%| F|  |TAMS 0x000000070bc00000, 0x000000070bc00000| Untracked 
|  29|0x000000070bd00000, 0x000000070bd00000, 0x000000070be00000|  0%| F|  |TAMS 0x000000070bd00000, 0x000000070bd00000| Untracked 
|  30|0x000000070be00000, 0x000000070be00000, 0x000000070bf00000|  0%| F|  |TAMS 0x000000070be00000, 0x000000070be00000| Untracked 
|  31|0x000000070bf00000, 0x000000070bf00000, 0x000000070c000000|  0%| F|  |TAMS 0x000000070bf00000, 0x000000070bf00000| Untracked 
|  32|0x000000070c000000, 0x000000070c000000, 0x000000070c100000|  0%| F|  |TAMS 0x000000070c000000, 0x000000070c000000| Untracked 
|  33|0x000000070c100000, 0x000000070c100000, 0x000000070c200000|  0%| F|  |TAMS 0x000000070c100000, 0x000000070c100000| Untracked 
|  34|0x000000070c200000, 0x000000070c200000, 0x000000070c300000|  0%| F|  |TAMS 0x000000070c200000, 0x000000070c200000| Untracked 
|  35|0x000000070c300000, 0x000000070c300000, 0x000000070c400000|  0%| F|  |TAMS 0x000000070c300000, 0x000000070c300000| Untracked 
|  36|0x000000070c400000, 0x000000070c400000, 0x000000070c500000|  0%| F|  |TAMS 0x000000070c400000, 0x000000070c400000| Untracked 
|  37|0x000000070c500000, 0x000000070c500000, 0x000000070c600000|  0%| F|  |TAMS 0x000000070c500000, 0x000000070c500000| Untracked 
|  38|0x000000070c600000, 0x000000070c600000, 0x000000070c700000|  0%| F|  |TAMS 0x000000070c600000, 0x000000070c600000| Untracked 
|  39|0x000000070c700000, 0x000000070c700000, 0x000000070c800000|  0%| F|  |TAMS 0x000000070c700000, 0x000000070c700000| Untracked 
|  40|0x000000070c800000, 0x000000070c800000, 0x000000070c900000|  0%| F|  |TAMS 0x000000070c800000, 0x000000070c800000| Untracked 
|  41|0x000000070c900000, 0x000000070c900000, 0x000000070ca00000|  0%| F|  |TAMS 0x000000070c900000, 0x000000070c900000| Untracked 
|  42|0x000000070ca00000, 0x000000070ca00000, 0x000000070cb00000|  0%| F|  |TAMS 0x000000070ca00000, 0x000000070ca00000| Untracked 
|  43|0x000000070cb00000, 0x000000070cb00000, 0x000000070cc00000|  0%| F|  |TAMS 0x000000070cb00000, 0x000000070cb00000| Untracked 
|  44|0x000000070cc00000, 0x000000070cc00000, 0x000000070cd00000|  0%| F|  |TAMS 0x000000070cc00000, 0x000000070cc00000| Untracked 
|  45|0x000000070cd00000, 0x000000070cd00000, 0x000000070ce00000|  0%| F|  |TAMS 0x000000070cd00000, 0x000000070cd00000| Untracked 
|  46|0x000000070ce00000, 0x000000070ce00000, 0x000000070cf00000|  0%| F|  |TAMS 0x000000070ce00000, 0x000000070ce00000| Untracked 
|  47|0x000000070cf00000, 0x000000070cf00000, 0x000000070d000000|  0%| F|  |TAMS 0x000000070cf00000, 0x000000070cf00000| Untracked 
|  48|0x000000070d000000, 0x000000070d000000, 0x000000070d100000|  0%| F|  |TAMS 0x000000070d000000, 0x000000070d000000| Untracked 
|  49|0x000000070d100000, 0x000000070d100000, 0x000000070d200000|  0%| F|  |TAMS 0x000000070d100000, 0x000000070d100000| Untracked 
|  50|0x000000070d200000, 0x000000070d200000, 0x000000070d300000|  0%| F|  |TAMS 0x000000070d200000, 0x000000070d200000| Untracked 
|  51|0x000000070d300000, 0x000000070d300000, 0x000000070d400000|  0%| F|  |TAMS 0x000000070d300000, 0x000000070d300000| Untracked 
|  52|0x000000070d400000, 0x000000070d400000, 0x000000070d500000|  0%| F|  |TAMS 0x000000070d400000, 0x000000070d400000| Untracked 
|  53|0x000000070d500000, 0x000000070d500000, 0x000000070d600000|  0%| F|  |TAMS 0x000000070d500000, 0x000000070d500000| Untracked 
|  54|0x000000070d600000, 0x000000070d600000, 0x000000070d700000|  0%| F|  |TAMS 0x000000070d600000, 0x000000070d600000| Untracked 
|  55|0x000000070d700000, 0x000000070d700000, 0x000000070d800000|  0%| F|  |TAMS 0x000000070d700000, 0x000000070d700000| Untracked 
|  56|0x000000070d800000, 0x000000070d800000, 0x000000070d900000|  0%| F|  |TAMS 0x000000070d800000, 0x000000070d800000| Untracked 
|  57|0x000000070d900000, 0x000000070d900000, 0x000000070da00000|  0%| F|  |TAMS 0x000000070d900000, 0x000000070d900000| Untracked 
|  58|0x000000070da00000, 0x000000070da00000, 0x000000070db00000|  0%| F|  |TAMS 0x000000070da00000, 0x000000070da00000| Untracked 
|  59|0x000000070db00000, 0x000000070db00000, 0x000000070dc00000|  0%| F|  |TAMS 0x000000070db00000, 0x000000070db00000| Untracked 
|  60|0x000000070dc00000, 0x000000070dc00000, 0x000000070dd00000|  0%| F|  |TAMS 0x000000070dc00000, 0x000000070dc00000| Untracked 
|  61|0x000000070dd00000, 0x000000070dd00000, 0x000000070de00000|  0%| F|  |TAMS 0x000000070dd00000, 0x000000070dd00000| Untracked 
|  62|0x000000070de00000, 0x000000070de00000, 0x000000070df00000|  0%| F|  |TAMS 0x000000070de00000, 0x000000070de00000| Untracked 
|  63|0x000000070df00000, 0x000000070df00000, 0x000000070e000000|  0%| F|  |TAMS 0x000000070df00000, 0x000000070df00000| Untracked 
|  64|0x000000070e000000, 0x000000070e000000, 0x000000070e100000|  0%| F|  |TAMS 0x000000070e000000, 0x000000070e000000| Untracked 
|  65|0x000000070e100000, 0x000000070e100000, 0x000000070e200000|  0%| F|  |TAMS 0x000000070e100000, 0x000000070e100000| Untracked 
|  66|0x000000070e200000, 0x000000070e200000, 0x000000070e300000|  0%| F|  |TAMS 0x000000070e200000, 0x000000070e200000| Untracked 
|  67|0x000000070e300000, 0x000000070e300000, 0x000000070e400000|  0%| F|  |TAMS 0x000000070e300000, 0x000000070e300000| Untracked 
|  68|0x000000070e400000, 0x000000070e400000, 0x000000070e500000|  0%| F|  |TAMS 0x000000070e400000, 0x000000070e400000| Untracked 
|  69|0x000000070e500000, 0x000000070e500000, 0x000000070e600000|  0%| F|  |TAMS 0x000000070e500000, 0x000000070e500000| Untracked 
|  70|0x000000070e600000, 0x000000070e600000, 0x000000070e700000|  0%| F|  |TAMS 0x000000070e600000, 0x000000070e600000| Untracked 
|  71|0x000000070e700000, 0x000000070e700000, 0x000000070e800000|  0%| F|  |TAMS 0x000000070e700000, 0x000000070e700000| Untracked 
|  72|0x000000070e800000, 0x000000070e800000, 0x000000070e900000|  0%| F|  |TAMS 0x000000070e800000, 0x000000070e800000| Untracked 
|  73|0x000000070e900000, 0x000000070e900000, 0x000000070ea00000|  0%| F|  |TAMS 0x000000070e900000, 0x000000070e900000| Untracked 
|  74|0x000000070ea00000, 0x000000070ea00000, 0x000000070eb00000|  0%| F|  |TAMS 0x000000070ea00000, 0x000000070ea00000| Untracked 
|  75|0x000000070eb00000, 0x000000070eb00000, 0x000000070ec00000|  0%| F|  |TAMS 0x000000070eb00000, 0x000000070eb00000| Untracked 
|  76|0x000000070ec00000, 0x000000070ec00000, 0x000000070ed00000|  0%| F|  |TAMS 0x000000070ec00000, 0x000000070ec00000| Untracked 
|  77|0x000000070ed00000, 0x000000070ed00000, 0x000000070ee00000|  0%| F|  |TAMS 0x000000070ed00000, 0x000000070ed00000| Untracked 
|  78|0x000000070ee00000, 0x000000070ee00000, 0x000000070ef00000|  0%| F|  |TAMS 0x000000070ee00000, 0x000000070ee00000| Untracked 
|  79|0x000000070ef00000, 0x000000070ef00000, 0x000000070f000000|  0%| F|  |TAMS 0x000000070ef00000, 0x000000070ef00000| Untracked 
|  80|0x000000070f000000, 0x000000070f000000, 0x000000070f100000|  0%| F|  |TAMS 0x000000070f000000, 0x000000070f000000| Untracked 
|  81|0x000000070f100000, 0x000000070f100000, 0x000000070f200000|  0%| F|  |TAMS 0x000000070f100000, 0x000000070f100000| Untracked 
|  82|0x000000070f200000, 0x000000070f200000, 0x000000070f300000|  0%| F|  |TAMS 0x000000070f200000, 0x000000070f200000| Untracked 
|  83|0x000000070f300000, 0x000000070f300000, 0x000000070f400000|  0%| F|  |TAMS 0x000000070f300000, 0x000000070f300000| Untracked 
|  84|0x000000070f400000, 0x000000070f400000, 0x000000070f500000|  0%| F|  |TAMS 0x000000070f400000, 0x000000070f400000| Untracked 
|  85|0x000000070f500000, 0x000000070f500000, 0x000000070f600000|  0%| F|  |TAMS 0x000000070f500000, 0x000000070f500000| Untracked 
|  86|0x000000070f600000, 0x000000070f600000, 0x000000070f700000|  0%| F|  |TAMS 0x000000070f600000, 0x000000070f600000| Untracked 
|  87|0x000000070f700000, 0x000000070f700000, 0x000000070f800000|  0%| F|  |TAMS 0x000000070f700000, 0x000000070f700000| Untracked 
|  88|0x000000070f800000, 0x000000070f800000, 0x000000070f900000|  0%| F|  |TAMS 0x000000070f800000, 0x000000070f800000| Untracked 
|  89|0x000000070f900000, 0x000000070f900000, 0x000000070fa00000|  0%| F|  |TAMS 0x000000070f900000, 0x000000070f900000| Untracked 
|  90|0x000000070fa00000, 0x000000070fa00000, 0x000000070fb00000|  0%| F|  |TAMS 0x000000070fa00000, 0x000000070fa00000| Untracked 
|  91|0x000000070fb00000, 0x000000070fb00000, 0x000000070fc00000|  0%| F|  |TAMS 0x000000070fb00000, 0x000000070fb00000| Untracked 
|  92|0x000000070fc00000, 0x000000070fc00000, 0x000000070fd00000|  0%| F|  |TAMS 0x000000070fc00000, 0x000000070fc00000| Untracked 
|  93|0x000000070fd00000, 0x000000070fd00000, 0x000000070fe00000|  0%| F|  |TAMS 0x000000070fd00000, 0x000000070fd00000| Untracked 
|  94|0x000000070fe00000, 0x000000070fe00000, 0x000000070ff00000|  0%| F|  |TAMS 0x000000070fe00000, 0x000000070fe00000| Untracked 
|  95|0x000000070ff00000, 0x000000070ff00000, 0x0000000710000000|  0%| F|  |TAMS 0x000000070ff00000, 0x000000070ff00000| Untracked 
|  96|0x0000000710000000, 0x0000000710000000, 0x0000000710100000|  0%| F|  |TAMS 0x0000000710000000, 0x0000000710000000| Untracked 
|  97|0x0000000710100000, 0x0000000710100000, 0x0000000710200000|  0%| F|  |TAMS 0x0000000710100000, 0x0000000710100000| Untracked 
|  98|0x0000000710200000, 0x0000000710200000, 0x0000000710300000|  0%| F|  |TAMS 0x0000000710200000, 0x0000000710200000| Untracked 
|  99|0x0000000710300000, 0x0000000710300000, 0x0000000710400000|  0%| F|  |TAMS 0x0000000710300000, 0x0000000710300000| Untracked 
| 100|0x0000000710400000, 0x0000000710400000, 0x0000000710500000|  0%| F|  |TAMS 0x0000000710400000, 0x0000000710400000| Untracked 
| 101|0x0000000710500000, 0x0000000710500000, 0x0000000710600000|  0%| F|  |TAMS 0x0000000710500000, 0x0000000710500000| Untracked 
| 102|0x0000000710600000, 0x0000000710600000, 0x0000000710700000|  0%| F|  |TAMS 0x0000000710600000, 0x0000000710600000| Untracked 
| 103|0x0000000710700000, 0x0000000710700000, 0x0000000710800000|  0%| F|  |TAMS 0x0000000710700000, 0x0000000710700000| Untracked 
| 104|0x0000000710800000, 0x0000000710800000, 0x0000000710900000|  0%| F|  |TAMS 0x0000000710800000, 0x0000000710800000| Untracked 
| 105|0x0000000710900000, 0x0000000710900000, 0x0000000710a00000|  0%| F|  |TAMS 0x0000000710900000, 0x0000000710900000| Untracked 
| 106|0x0000000710a00000, 0x0000000710a00000, 0x0000000710b00000|  0%| F|  |TAMS 0x0000000710a00000, 0x0000000710a00000| Untracked 
| 107|0x0000000710b00000, 0x0000000710b00000, 0x0000000710c00000|  0%| F|  |TAMS 0x0000000710b00000, 0x0000000710b00000| Untracked 
| 108|0x0000000710c00000, 0x0000000710c00000, 0x0000000710d00000|  0%| F|  |TAMS 0x0000000710c00000, 0x0000000710c00000| Untracked 
| 109|0x0000000710d00000, 0x0000000710d00000, 0x0000000710e00000|  0%| F|  |TAMS 0x0000000710d00000, 0x0000000710d00000| Untracked 
| 110|0x0000000710e00000, 0x0000000710e00000, 0x0000000710f00000|  0%| F|  |TAMS 0x0000000710e00000, 0x0000000710e00000| Untracked 
| 111|0x0000000710f00000, 0x0000000710f00000, 0x0000000711000000|  0%| F|  |TAMS 0x0000000710f00000, 0x0000000710f00000| Untracked 
| 112|0x0000000711000000, 0x0000000711000000, 0x0000000711100000|  0%| F|  |TAMS 0x0000000711000000, 0x0000000711000000| Untracked 
| 113|0x0000000711100000, 0x0000000711100000, 0x0000000711200000|  0%| F|  |TAMS 0x0000000711100000, 0x0000000711100000| Untracked 
| 114|0x0000000711200000, 0x0000000711200000, 0x0000000711300000|  0%| F|  |TAMS 0x0000000711200000, 0x0000000711200000| Untracked 
| 115|0x0000000711300000, 0x0000000711300000, 0x0000000711400000|  0%| F|  |TAMS 0x0000000711300000, 0x0000000711300000| Untracked 
| 116|0x0000000711400000, 0x0000000711400000, 0x0000000711500000|  0%| F|  |TAMS 0x0000000711400000, 0x0000000711400000| Untracked 
| 117|0x0000000711500000, 0x0000000711500000, 0x0000000711600000|  0%| F|  |TAMS 0x0000000711500000, 0x0000000711500000| Untracked 
| 118|0x0000000711600000, 0x0000000711600000, 0x0000000711700000|  0%| F|  |TAMS 0x0000000711600000, 0x0000000711600000| Untracked 
| 119|0x0000000711700000, 0x0000000711700000, 0x0000000711800000|  0%| F|  |TAMS 0x0000000711700000, 0x0000000711700000| Untracked 
| 120|0x0000000711800000, 0x0000000711800000, 0x0000000711900000|  0%| F|  |TAMS 0x0000000711800000, 0x0000000711800000| Untracked 
| 121|0x0000000711900000, 0x0000000711900000, 0x0000000711a00000|  0%| F|  |TAMS 0x0000000711900000, 0x0000000711900000| Untracked 
| 122|0x0000000711a00000, 0x0000000711a00000, 0x0000000711b00000|  0%| F|  |TAMS 0x0000000711a00000, 0x0000000711a00000| Untracked 
| 123|0x0000000711b00000, 0x0000000711b00000, 0x0000000711c00000|  0%| F|  |TAMS 0x0000000711b00000, 0x0000000711b00000| Untracked 
| 124|0x0000000711c00000, 0x0000000711c00000, 0x0000000711d00000|  0%| F|  |TAMS 0x0000000711c00000, 0x0000000711c00000| Untracked 
| 125|0x0000000711d00000, 0x0000000711d00000, 0x0000000711e00000|  0%| F|  |TAMS 0x0000000711d00000, 0x0000000711d00000| Untracked 
| 126|0x0000000711e00000, 0x0000000711e00000, 0x0000000711f00000|  0%| F|  |TAMS 0x0000000711e00000, 0x0000000711e00000| Untracked 
| 127|0x0000000711f00000, 0x0000000711f00000, 0x0000000712000000|  0%| F|  |TAMS 0x0000000711f00000, 0x0000000711f00000| Untracked 
| 128|0x0000000712000000, 0x0000000712000000, 0x0000000712100000|  0%| F|  |TAMS 0x0000000712000000, 0x0000000712000000| Untracked 
| 129|0x0000000712100000, 0x0000000712100000, 0x0000000712200000|  0%| F|  |TAMS 0x0000000712100000, 0x0000000712100000| Untracked 
| 130|0x0000000712200000, 0x0000000712200000, 0x0000000712300000|  0%| F|  |TAMS 0x0000000712200000, 0x0000000712200000| Untracked 
| 131|0x0000000712300000, 0x0000000712300000, 0x0000000712400000|  0%| F|  |TAMS 0x0000000712300000, 0x0000000712300000| Untracked 
| 132|0x0000000712400000, 0x0000000712400000, 0x0000000712500000|  0%| F|  |TAMS 0x0000000712400000, 0x0000000712400000| Untracked 
| 133|0x0000000712500000, 0x0000000712500000, 0x0000000712600000|  0%| F|  |TAMS 0x0000000712500000, 0x0000000712500000| Untracked 
| 134|0x0000000712600000, 0x0000000712600000, 0x0000000712700000|  0%| F|  |TAMS 0x0000000712600000, 0x0000000712600000| Untracked 
| 135|0x0000000712700000, 0x0000000712700000, 0x0000000712800000|  0%| F|  |TAMS 0x0000000712700000, 0x0000000712700000| Untracked 
| 136|0x0000000712800000, 0x0000000712800000, 0x0000000712900000|  0%| F|  |TAMS 0x0000000712800000, 0x0000000712800000| Untracked 
| 137|0x0000000712900000, 0x0000000712900000, 0x0000000712a00000|  0%| F|  |TAMS 0x0000000712900000, 0x0000000712900000| Untracked 
| 138|0x0000000712a00000, 0x0000000712a00000, 0x0000000712b00000|  0%| F|  |TAMS 0x0000000712a00000, 0x0000000712a00000| Untracked 
| 139|0x0000000712b00000, 0x0000000712b00000, 0x0000000712c00000|  0%| F|  |TAMS 0x0000000712b00000, 0x0000000712b00000| Untracked 
| 140|0x0000000712c00000, 0x0000000712c00000, 0x0000000712d00000|  0%| F|  |TAMS 0x0000000712c00000, 0x0000000712c00000| Untracked 
| 141|0x0000000712d00000, 0x0000000712d00000, 0x0000000712e00000|  0%| F|  |TAMS 0x0000000712d00000, 0x0000000712d00000| Untracked 
| 142|0x0000000712e00000, 0x0000000712e00000, 0x0000000712f00000|  0%| F|  |TAMS 0x0000000712e00000, 0x0000000712e00000| Untracked 
| 143|0x0000000712f00000, 0x0000000712f00000, 0x0000000713000000|  0%| F|  |TAMS 0x0000000712f00000, 0x0000000712f00000| Untracked 
| 144|0x0000000713000000, 0x0000000713000000, 0x0000000713100000|  0%| F|  |TAMS 0x0000000713000000, 0x0000000713000000| Untracked 
| 145|0x0000000713100000, 0x0000000713100000, 0x0000000713200000|  0%| F|  |TAMS 0x0000000713100000, 0x0000000713100000| Untracked 
| 146|0x0000000713200000, 0x0000000713200000, 0x0000000713300000|  0%| F|  |TAMS 0x0000000713200000, 0x0000000713200000| Untracked 
| 147|0x0000000713300000, 0x0000000713300000, 0x0000000713400000|  0%| F|  |TAMS 0x0000000713300000, 0x0000000713300000| Untracked 
| 148|0x0000000713400000, 0x0000000713400000, 0x0000000713500000|  0%| F|  |TAMS 0x0000000713400000, 0x0000000713400000| Untracked 
| 149|0x0000000713500000, 0x0000000713500000, 0x0000000713600000|  0%| F|  |TAMS 0x0000000713500000, 0x0000000713500000| Untracked 
| 150|0x0000000713600000, 0x0000000713600000, 0x0000000713700000|  0%| F|  |TAMS 0x0000000713600000, 0x0000000713600000| Untracked 
| 151|0x0000000713700000, 0x0000000713700000, 0x0000000713800000|  0%| F|  |TAMS 0x0000000713700000, 0x0000000713700000| Untracked 
| 152|0x0000000713800000, 0x0000000713800000, 0x0000000713900000|  0%| F|  |TAMS 0x0000000713800000, 0x0000000713800000| Untracked 
| 153|0x0000000713900000, 0x0000000713900000, 0x0000000713a00000|  0%| F|  |TAMS 0x0000000713900000, 0x0000000713900000| Untracked 
| 154|0x0000000713a00000, 0x0000000713a00000, 0x0000000713b00000|  0%| F|  |TAMS 0x0000000713a00000, 0x0000000713a00000| Untracked 
| 155|0x0000000713b00000, 0x0000000713b00000, 0x0000000713c00000|  0%| F|  |TAMS 0x0000000713b00000, 0x0000000713b00000| Untracked 
| 156|0x0000000713c00000, 0x0000000713c00000, 0x0000000713d00000|  0%| F|  |TAMS 0x0000000713c00000, 0x0000000713c00000| Untracked 
| 157|0x0000000713d00000, 0x0000000713d00000, 0x0000000713e00000|  0%| F|  |TAMS 0x0000000713d00000, 0x0000000713d00000| Untracked 
| 158|0x0000000713e00000, 0x0000000713e00000, 0x0000000713f00000|  0%| F|  |TAMS 0x0000000713e00000, 0x0000000713e00000| Untracked 
| 159|0x0000000713f00000, 0x0000000713f00000, 0x0000000714000000|  0%| F|  |TAMS 0x0000000713f00000, 0x0000000713f00000| Untracked 
| 160|0x0000000714000000, 0x0000000714000000, 0x0000000714100000|  0%| F|  |TAMS 0x0000000714000000, 0x0000000714000000| Untracked 
| 161|0x0000000714100000, 0x0000000714100000, 0x0000000714200000|  0%| F|  |TAMS 0x0000000714100000, 0x0000000714100000| Untracked 
| 162|0x0000000714200000, 0x0000000714200000, 0x0000000714300000|  0%| F|  |TAMS 0x0000000714200000, 0x0000000714200000| Untracked 
| 163|0x0000000714300000, 0x0000000714300000, 0x0000000714400000|  0%| F|  |TAMS 0x0000000714300000, 0x0000000714300000| Untracked 
| 164|0x0000000714400000, 0x0000000714400000, 0x0000000714500000|  0%| F|  |TAMS 0x0000000714400000, 0x0000000714400000| Untracked 
| 165|0x0000000714500000, 0x0000000714500000, 0x0000000714600000|  0%| F|  |TAMS 0x0000000714500000, 0x0000000714500000| Untracked 
| 166|0x0000000714600000, 0x0000000714600000, 0x0000000714700000|  0%| F|  |TAMS 0x0000000714600000, 0x0000000714600000| Untracked 
| 167|0x0000000714700000, 0x0000000714700000, 0x0000000714800000|  0%| F|  |TAMS 0x0000000714700000, 0x0000000714700000| Untracked 
| 168|0x0000000714800000, 0x0000000714800000, 0x0000000714900000|  0%| F|  |TAMS 0x0000000714800000, 0x0000000714800000| Untracked 
| 169|0x0000000714900000, 0x0000000714900000, 0x0000000714a00000|  0%| F|  |TAMS 0x0000000714900000, 0x0000000714900000| Untracked 
| 170|0x0000000714a00000, 0x0000000714a00000, 0x0000000714b00000|  0%| F|  |TAMS 0x0000000714a00000, 0x0000000714a00000| Untracked 
| 171|0x0000000714b00000, 0x0000000714b00000, 0x0000000714c00000|  0%| F|  |TAMS 0x0000000714b00000, 0x0000000714b00000| Untracked 
| 172|0x0000000714c00000, 0x0000000714c00000, 0x0000000714d00000|  0%| F|  |TAMS 0x0000000714c00000, 0x0000000714c00000| Untracked 
| 173|0x0000000714d00000, 0x0000000714d00000, 0x0000000714e00000|  0%| F|  |TAMS 0x0000000714d00000, 0x0000000714d00000| Untracked 
| 174|0x0000000714e00000, 0x0000000714e00000, 0x0000000714f00000|  0%| F|  |TAMS 0x0000000714e00000, 0x0000000714e00000| Untracked 
| 175|0x0000000714f00000, 0x0000000714f00000, 0x0000000715000000|  0%| F|  |TAMS 0x0000000714f00000, 0x0000000714f00000| Untracked 
| 176|0x0000000715000000, 0x0000000715000000, 0x0000000715100000|  0%| F|  |TAMS 0x0000000715000000, 0x0000000715000000| Untracked 
| 177|0x0000000715100000, 0x0000000715100000, 0x0000000715200000|  0%| F|  |TAMS 0x0000000715100000, 0x0000000715100000| Untracked 
| 178|0x0000000715200000, 0x0000000715200000, 0x0000000715300000|  0%| F|  |TAMS 0x0000000715200000, 0x0000000715200000| Untracked 
| 179|0x0000000715300000, 0x0000000715300000, 0x0000000715400000|  0%| F|  |TAMS 0x0000000715300000, 0x0000000715300000| Untracked 
| 180|0x0000000715400000, 0x0000000715400000, 0x0000000715500000|  0%| F|  |TAMS 0x0000000715400000, 0x0000000715400000| Untracked 
| 181|0x0000000715500000, 0x0000000715500000, 0x0000000715600000|  0%| F|  |TAMS 0x0000000715500000, 0x0000000715500000| Untracked 
| 182|0x0000000715600000, 0x0000000715600000, 0x0000000715700000|  0%| F|  |TAMS 0x0000000715600000, 0x0000000715600000| Untracked 
| 183|0x0000000715700000, 0x0000000715700000, 0x0000000715800000|  0%| F|  |TAMS 0x0000000715700000, 0x0000000715700000| Untracked 
| 184|0x0000000715800000, 0x0000000715800000, 0x0000000715900000|  0%| F|  |TAMS 0x0000000715800000, 0x0000000715800000| Untracked 
| 185|0x0000000715900000, 0x0000000715900000, 0x0000000715a00000|  0%| F|  |TAMS 0x0000000715900000, 0x0000000715900000| Untracked 
| 186|0x0000000715a00000, 0x0000000715a00000, 0x0000000715b00000|  0%| F|  |TAMS 0x0000000715a00000, 0x0000000715a00000| Untracked 
| 187|0x0000000715b00000, 0x0000000715b00000, 0x0000000715c00000|  0%| F|  |TAMS 0x0000000715b00000, 0x0000000715b00000| Untracked 
| 188|0x0000000715c00000, 0x0000000715c00000, 0x0000000715d00000|  0%| F|  |TAMS 0x0000000715c00000, 0x0000000715c00000| Untracked 
| 189|0x0000000715d00000, 0x0000000715d00000, 0x0000000715e00000|  0%| F|  |TAMS 0x0000000715d00000, 0x0000000715d00000| Untracked 
| 190|0x0000000715e00000, 0x0000000715e00000, 0x0000000715f00000|  0%| F|  |TAMS 0x0000000715e00000, 0x0000000715e00000| Untracked 
| 191|0x0000000715f00000, 0x0000000715f00000, 0x0000000716000000|  0%| F|  |TAMS 0x0000000715f00000, 0x0000000715f00000| Untracked 
| 192|0x0000000716000000, 0x0000000716000000, 0x0000000716100000|  0%| F|  |TAMS 0x0000000716000000, 0x0000000716000000| Untracked 
| 193|0x0000000716100000, 0x0000000716100000, 0x0000000716200000|  0%| F|  |TAMS 0x0000000716100000, 0x0000000716100000| Untracked 
| 194|0x0000000716200000, 0x0000000716200000, 0x0000000716300000|  0%| F|  |TAMS 0x0000000716200000, 0x0000000716200000| Untracked 
| 195|0x0000000716300000, 0x0000000716300000, 0x0000000716400000|  0%| F|  |TAMS 0x0000000716300000, 0x0000000716300000| Untracked 
| 196|0x0000000716400000, 0x0000000716400000, 0x0000000716500000|  0%| F|  |TAMS 0x0000000716400000, 0x0000000716400000| Untracked 
| 197|0x0000000716500000, 0x0000000716500000, 0x0000000716600000|  0%| F|  |TAMS 0x0000000716500000, 0x0000000716500000| Untracked 
| 198|0x0000000716600000, 0x0000000716600000, 0x0000000716700000|  0%| F|  |TAMS 0x0000000716600000, 0x0000000716600000| Untracked 
| 199|0x0000000716700000, 0x0000000716700000, 0x0000000716800000|  0%| F|  |TAMS 0x0000000716700000, 0x0000000716700000| Untracked 
| 200|0x0000000716800000, 0x0000000716800000, 0x0000000716900000|  0%| F|  |TAMS 0x0000000716800000, 0x0000000716800000| Untracked 
| 201|0x0000000716900000, 0x0000000716900000, 0x0000000716a00000|  0%| F|  |TAMS 0x0000000716900000, 0x0000000716900000| Untracked 
| 202|0x0000000716a00000, 0x0000000716a00000, 0x0000000716b00000|  0%| F|  |TAMS 0x0000000716a00000, 0x0000000716a00000| Untracked 
| 203|0x0000000716b00000, 0x0000000716b00000, 0x0000000716c00000|  0%| F|  |TAMS 0x0000000716b00000, 0x0000000716b00000| Untracked 
| 204|0x0000000716c00000, 0x0000000716c00000, 0x0000000716d00000|  0%| F|  |TAMS 0x0000000716c00000, 0x0000000716c00000| Untracked 
| 205|0x0000000716d00000, 0x0000000716d00000, 0x0000000716e00000|  0%| F|  |TAMS 0x0000000716d00000, 0x0000000716d00000| Untracked 
| 206|0x0000000716e00000, 0x0000000716e00000, 0x0000000716f00000|  0%| F|  |TAMS 0x0000000716e00000, 0x0000000716e00000| Untracked 
| 207|0x0000000716f00000, 0x0000000716f00000, 0x0000000717000000|  0%| F|  |TAMS 0x0000000716f00000, 0x0000000716f00000| Untracked 
| 208|0x0000000717000000, 0x0000000717000000, 0x0000000717100000|  0%| F|  |TAMS 0x0000000717000000, 0x0000000717000000| Untracked 
| 209|0x0000000717100000, 0x0000000717100000, 0x0000000717200000|  0%| F|  |TAMS 0x0000000717100000, 0x0000000717100000| Untracked 
| 210|0x0000000717200000, 0x0000000717200000, 0x0000000717300000|  0%| F|  |TAMS 0x0000000717200000, 0x0000000717200000| Untracked 
| 211|0x0000000717300000, 0x0000000717300000, 0x0000000717400000|  0%| F|  |TAMS 0x0000000717300000, 0x0000000717300000| Untracked 
| 212|0x0000000717400000, 0x0000000717400000, 0x0000000717500000|  0%| F|  |TAMS 0x0000000717400000, 0x0000000717400000| Untracked 
| 213|0x0000000717500000, 0x0000000717500000, 0x0000000717600000|  0%| F|  |TAMS 0x0000000717500000, 0x0000000717500000| Untracked 
| 214|0x0000000717600000, 0x0000000717600000, 0x0000000717700000|  0%| F|  |TAMS 0x0000000717600000, 0x0000000717600000| Untracked 
| 215|0x0000000717700000, 0x0000000717700000, 0x0000000717800000|  0%| F|  |TAMS 0x0000000717700000, 0x0000000717700000| Untracked 
| 216|0x0000000717800000, 0x0000000717800000, 0x0000000717900000|  0%| F|  |TAMS 0x0000000717800000, 0x0000000717800000| Untracked 
| 217|0x0000000717900000, 0x0000000717900000, 0x0000000717a00000|  0%| F|  |TAMS 0x0000000717900000, 0x0000000717900000| Untracked 
| 218|0x0000000717a00000, 0x0000000717a00000, 0x0000000717b00000|  0%| F|  |TAMS 0x0000000717a00000, 0x0000000717a00000| Untracked 
| 219|0x0000000717b00000, 0x0000000717b00000, 0x0000000717c00000|  0%| F|  |TAMS 0x0000000717b00000, 0x0000000717b00000| Untracked 
| 220|0x0000000717c00000, 0x0000000717c00000, 0x0000000717d00000|  0%| F|  |TAMS 0x0000000717c00000, 0x0000000717c00000| Untracked 
| 221|0x0000000717d00000, 0x0000000717d57ae8, 0x0000000717e00000| 34%| S|CS|TAMS 0x0000000717d00000, 0x0000000717d00000| Complete 
| 222|0x0000000717e00000, 0x0000000717f00000, 0x0000000717f00000|100%| S|CS|TAMS 0x0000000717e00000, 0x0000000717e00000| Complete 
| 223|0x0000000717f00000, 0x0000000718000000, 0x0000000718000000|100%| S|CS|TAMS 0x0000000717f00000, 0x0000000717f00000| Complete 
| 224|0x0000000718000000, 0x0000000718000000, 0x0000000718100000|  0%| F|  |TAMS 0x0000000718000000, 0x0000000718000000| Untracked 
| 225|0x0000000718100000, 0x0000000718100000, 0x0000000718200000|  0%| F|  |TAMS 0x0000000718100000, 0x0000000718100000| Untracked 
| 226|0x0000000718200000, 0x0000000718200000, 0x0000000718300000|  0%| F|  |TAMS 0x0000000718200000, 0x0000000718200000| Untracked 
| 227|0x0000000718300000, 0x0000000718300000, 0x0000000718400000|  0%| F|  |TAMS 0x0000000718300000, 0x0000000718300000| Untracked 
| 228|0x0000000718400000, 0x0000000718400000, 0x0000000718500000|  0%| F|  |TAMS 0x0000000718400000, 0x0000000718400000| Untracked 
| 229|0x0000000718500000, 0x0000000718500000, 0x0000000718600000|  0%| F|  |TAMS 0x0000000718500000, 0x0000000718500000| Untracked 
| 230|0x0000000718600000, 0x0000000718600000, 0x0000000718700000|  0%| F|  |TAMS 0x0000000718600000, 0x0000000718600000| Untracked 
| 231|0x0000000718700000, 0x0000000718700000, 0x0000000718800000|  0%| F|  |TAMS 0x0000000718700000, 0x0000000718700000| Untracked 
| 232|0x0000000718800000, 0x0000000718800000, 0x0000000718900000|  0%| F|  |TAMS 0x0000000718800000, 0x0000000718800000| Untracked 
| 233|0x0000000718900000, 0x0000000718900000, 0x0000000718a00000|  0%| F|  |TAMS 0x0000000718900000, 0x0000000718900000| Untracked 
| 234|0x0000000718a00000, 0x0000000718a00000, 0x0000000718b00000|  0%| F|  |TAMS 0x0000000718a00000, 0x0000000718a00000| Untracked 
| 235|0x0000000718b00000, 0x0000000718b00000, 0x0000000718c00000|  0%| F|  |TAMS 0x0000000718b00000, 0x0000000718b00000| Untracked 
| 236|0x0000000718c00000, 0x0000000718c00000, 0x0000000718d00000|  0%| F|  |TAMS 0x0000000718c00000, 0x0000000718c00000| Untracked 
| 237|0x0000000718d00000, 0x0000000718d00000, 0x0000000718e00000|  0%| F|  |TAMS 0x0000000718d00000, 0x0000000718d00000| Untracked 
| 238|0x0000000718e00000, 0x0000000718e00000, 0x0000000718f00000|  0%| F|  |TAMS 0x0000000718e00000, 0x0000000718e00000| Untracked 
| 239|0x0000000718f00000, 0x0000000718f00000, 0x0000000719000000|  0%| F|  |TAMS 0x0000000718f00000, 0x0000000718f00000| Untracked 
| 240|0x0000000719000000, 0x0000000719000000, 0x0000000719100000|  0%| F|  |TAMS 0x0000000719000000, 0x0000000719000000| Untracked 
| 241|0x0000000719100000, 0x0000000719100000, 0x0000000719200000|  0%| F|  |TAMS 0x0000000719100000, 0x0000000719100000| Untracked 
| 242|0x0000000719200000, 0x0000000719200000, 0x0000000719300000|  0%| F|  |TAMS 0x0000000719200000, 0x0000000719200000| Untracked 
| 243|0x0000000719300000, 0x0000000719300000, 0x0000000719400000|  0%| F|  |TAMS 0x0000000719300000, 0x0000000719300000| Untracked 
| 244|0x0000000719400000, 0x0000000719480800, 0x0000000719500000| 50%| E|  |TAMS 0x0000000719400000, 0x0000000719400000| Complete 
| 245|0x0000000719500000, 0x0000000719600000, 0x0000000719600000|100%| E|CS|TAMS 0x0000000719500000, 0x0000000719500000| Complete 

Card table byte_map: [0x000001fdebd10000,0x000001fdec4c0000] _byte_map_base: 0x000001fde84c0000

Marking Bits (Prev, Next): (CMBitMap*) 0x000001fdd4000178, (CMBitMap*) 0x000001fdd40001b0
 Prev Bits: [0x000001fdecc70000, 0x000001fdf09f0000)
 Next Bits: [0x000001fdf09f0000, 0x000001fdf4770000)

Polling page: 0x000001fdd1f60000

Metaspace:

Usage:
  Non-class:     10.74 MB capacity,    10.67 MB (>99%) used,    64.21 KB ( <1%) free+waste,    13.19 KB ( <1%) overhead. 
      Class:   1006.00 KB capacity,   924.11 KB ( 92%) used,    76.39 KB (  8%) free+waste,     5.50 KB ( <1%) overhead. 
       Both:     11.72 MB capacity,    11.57 MB ( 99%) used,   140.60 KB (  1%) free+waste,    18.69 KB ( <1%) overhead. 

Virtual space:
  Non-class space:       12.00 MB reserved,      11.00 MB ( 92%) committed 
      Class space:        1.00 GB reserved,       1.00 MB ( <1%) committed 
             Both:        1.01 GB reserved,      12.00 MB (  1%) committed 

Chunk freelists:
   Non-Class:  9.13 KB
       Class:  2.25 KB
        Both:  11.38 KB

CodeHeap 'non-profiled nmethods': size=120064Kb used=262Kb max_used=262Kb free=119801Kb
 bounds [0x000001fde3f10000, 0x000001fde4180000, 0x000001fdeb450000]
CodeHeap 'profiled nmethods': size=120000Kb used=1578Kb max_used=1578Kb free=118421Kb
 bounds [0x000001fddc9e0000, 0x000001fddcc50000, 0x000001fde3f10000]
CodeHeap 'non-nmethods': size=5696Kb used=1502Kb max_used=1514Kb free=4193Kb
 bounds [0x000001fddc450000, 0x000001fddc6c0000, 0x000001fddc9e0000]
 total_blobs=1915 nmethods=887 adapters=940
 compilation: enabled
              stopped_count=0, restarted_count=0
 full_count=0

Compilation events (10 events):
Event: 2.222 Thread 0x000001fdf79a9000  884   !   3       java.util.zip.ZipFile::getInputStream (323 bytes)
Event: 2.223 Thread 0x000001fdf79a9000 nmethod 884 0x000001fddcb62c90 code [0x000001fddcb62fe0, 0x000001fddcb64998]
Event: 2.223 Thread 0x000001fdf79a9000  883       3       java.util.jar.JarFile::getManifestFromReference (151 bytes)
Event: 2.225 Thread 0x000001fdf79a9000 nmethod 883 0x000001fddcb65790 code [0x000001fddcb65b60, 0x000001fddcb676d8]
Event: 2.225 Thread 0x000001fdf79a9000  885       3       java.nio.Buffer::clear (20 bytes)
Event: 2.225 Thread 0x000001fdf79a9000 nmethod 885 0x000001fddcb68090 code [0x000001fddcb68220, 0x000001fddcb68338]
Event: 2.263 Thread 0x000001fdf79a9000  886       3       com.badlogic.gdx.utils.Array$ArrayIterator::hasNext (37 bytes)
Event: 2.264 Thread 0x000001fdf79a9000 nmethod 886 0x000001fddcb68410 code [0x000001fddcb685c0, 0x000001fddcb68848]
Event: 2.264 Thread 0x000001fdf79a9000  887       3       com.badlogic.gdx.graphics.g2d.SpriteBatch::flush (196 bytes)
Event: 2.266 Thread 0x000001fdf79a9000 nmethod 887 0x000001fddcb68990 code [0x000001fddcb68cc0, 0x000001fddcb6a058]

GC Heap History (2 events):
Event: 1.406 GC heap before
{Heap before GC invocations=0 (full 0):
 garbage-first heap   total 251904K, used 21504K [0x000000070a000000, 0x0000000800000000)
  region size 1024K, 22 young (22528K), 0 survivors (0K)
 Metaspace       used 11742K, capacity 11909K, committed 12032K, reserved 1060864K
  class space    used 913K, capacity 974K, committed 1024K, reserved 1048576K
}
Event: 1.411 GC heap after
{Heap after GC invocations=1 (full 0):
 garbage-first heap   total 251904K, used 2398K [0x000000070a000000, 0x0000000800000000)
  region size 1024K, 3 young (3072K), 3 survivors (3072K)
 Metaspace       used 11742K, capacity 11909K, committed 12032K, reserved 1060864K
  class space    used 913K, capacity 974K, committed 1024K, reserved 1048576K
}

Deoptimization events (4 events):
Event: 0.169 Thread 0x000001fdd3fa2000 Uncommon trap: reason=unstable_if action=reinterpret pc=0x000001fde3f14d9c method=java.lang.String.hashCode()I @ 14 c2
Event: 0.173 Thread 0x000001fdd3fa2000 Uncommon trap: reason=unstable_if action=reinterpret pc=0x000001fde3f11114 method=java.lang.String.isLatin1()Z @ 10 c2
Event: 0.346 Thread 0x000001fdd3fa2000 Uncommon trap: reason=unstable_if action=reinterpret pc=0x000001fde3f1e300 method=java.io.WinNTFileSystem.isSlash(C)Z @ 9 c2
Event: 0.460 Thread 0x000001fdd3fa2000 Uncommon trap: reason=unstable_if action=reinterpret pc=0x000001fde3f1fddc method=sun.nio.fs.WindowsPathParser.isSlash(C)Z @ 9 c2

Classes redefined (0 events):
No events

Internal exceptions (10 events):
Event: 0.963 Thread 0x000001fdd3fa2000 Exception <a 'java/security/PrivilegedActionException'{0x0000000718739cc8}> (0x0000000718739cc8) thrown at [./open/src/hotspot/share/prims/jvm.cpp, line 1305]
Event: 0.963 Thread 0x000001fdd3fa2000 Exception <a 'java/security/PrivilegedActionException'{0x0000000718739f98}> (0x0000000718739f98) thrown at [./open/src/hotspot/share/prims/jvm.cpp, line 1305]
Event: 0.987 Thread 0x000001fdf85ce000 Exception <a 'java/security/PrivilegedActionException'{0x00000007187f19f8}> (0x00000007187f19f8) thrown at [./open/src/hotspot/share/prims/jvm.cpp, line 1305]
Event: 0.987 Thread 0x000001fdf85ce000 Exception <a 'java/security/PrivilegedActionException'{0x00000007187f1cc8}> (0x00000007187f1cc8) thrown at [./open/src/hotspot/share/prims/jvm.cpp, line 1305]
Event: 1.145 Thread 0x000001fdd3fa2000 Exception <a 'sun/nio/fs/WindowsException'{0x00000007185749f0}> (0x00000007185749f0) thrown at [./open/src/hotspot/share/prims/jni.cpp, line 611]
Event: 1.145 Thread 0x000001fdd3fa2000 Exception <a 'sun/nio/fs/WindowsException'{0x0000000718574d98}> (0x0000000718574d98) thrown at [./open/src/hotspot/share/prims/jni.cpp, line 611]
Event: 1.152 Thread 0x000001fdd3fa2000 Exception <a 'sun/nio/fs/WindowsException'{0x00000007185a1618}> (0x00000007185a1618) thrown at [./open/src/hotspot/share/prims/jni.cpp, line 611]
Event: 1.152 Thread 0x000001fdd3fa2000 Exception <a 'sun/nio/fs/WindowsException'{0x00000007185a18f8}> (0x00000007185a18f8) thrown at [./open/src/hotspot/share/prims/jni.cpp, line 611]
Event: 1.338 Thread 0x000001fdd3fa2000 Exception <a 'java/security/PrivilegedActionException'{0x000000071801d578}> (0x000000071801d578) thrown at [./open/src/hotspot/share/prims/jvm.cpp, line 1305]
Event: 1.338 Thread 0x000001fdd3fa2000 Exception <a 'java/security/PrivilegedActionException'{0x000000071801d848}> (0x000000071801d848) thrown at [./open/src/hotspot/share/prims/jvm.cpp, line 1305]

Events (10 events):
Event: 2.223 loading class com/badlogic/gdx/utils/Scaling$5
Event: 2.223 loading class com/badlogic/gdx/utils/Scaling$5 done
Event: 2.223 loading class com/badlogic/gdx/utils/Scaling$6
Event: 2.223 loading class com/badlogic/gdx/utils/Scaling$6 done
Event: 2.223 loading class com/badlogic/gdx/utils/Scaling$7
Event: 2.223 loading class com/badlogic/gdx/utils/Scaling$7 done
Event: 2.224 loading class com/badlogic/gdx/utils/Scaling$8
Event: 2.224 loading class com/badlogic/gdx/utils/Scaling$8 done
Event: 2.224 loading class com/badlogic/gdx/utils/Scaling$9
Event: 2.224 loading class com/badlogic/gdx/utils/Scaling$9 done


Dynamic libraries:
0x00007ff6cbbc0000 - 0x00007ff6cbbcf000 	C:\Program Files\Java\jdk-11.0.12\bin\java.exe
0x00007ffbb6a70000 - 0x00007ffbb6c87000 	C:\WINDOWS\SYSTEM32\ntdll.dll
0x00007ffbb5d60000 - 0x00007ffbb5e24000 	C:\WINDOWS\System32\KERNEL32.DLL
0x00007ffbb4380000 - 0x00007ffbb4726000 	C:\WINDOWS\System32\KERNELBASE.dll
0x00007ffbb4120000 - 0x00007ffbb4231000 	C:\WINDOWS\System32\ucrtbase.dll
0x00007ffb91510000 - 0x00007ffb91528000 	C:\Program Files\Java\jdk-11.0.12\bin\jli.dll
0x00007ffb914f0000 - 0x00007ffb91505000 	C:\Program Files\Java\jdk-11.0.12\bin\VCRUNTIME140.dll
0x00007ffbb5e30000 - 0x00007ffbb5ee0000 	C:\WINDOWS\System32\ADVAPI32.dll
0x00007ffbb5cb0000 - 0x00007ffbb5d57000 	C:\WINDOWS\System32\msvcrt.dll
0x00007ffbb4850000 - 0x00007ffbb48f6000 	C:\WINDOWS\System32\sechost.dll
0x00007ffbb64e0000 - 0x00007ffbb65f7000 	C:\WINDOWS\System32\RPCRT4.dll
0x00007ffbb5f90000 - 0x00007ffbb613d000 	C:\WINDOWS\System32\USER32.dll
0x00007ffbb3df0000 - 0x00007ffbb3e16000 	C:\WINDOWS\System32\win32u.dll
0x00007ffbb6350000 - 0x00007ffbb6379000 	C:\WINDOWS\System32\GDI32.dll
0x00007ffbb3e20000 - 0x00007ffbb3f38000 	C:\WINDOWS\System32\gdi32full.dll
0x00007ffbb4730000 - 0x00007ffbb47ca000 	C:\WINDOWS\System32\msvcp_win.dll
0x00007ffb9ac60000 - 0x00007ffb9aef3000 	C:\WINDOWS\WinSxS\amd64_microsoft.windows.common-controls_6595b64144ccf1df_6.0.22621.2361_none_2712ced57382f843\COMCTL32.dll
0x00007ffbad7c0000 - 0x00007ffbad7ca000 	C:\WINDOWS\SYSTEM32\VERSION.dll
0x00007ffbb6310000 - 0x00007ffbb6341000 	C:\WINDOWS\System32\IMM32.DLL
0x00007ffb78920000 - 0x00007ffb789bb000 	C:\Program Files\Java\jdk-11.0.12\bin\msvcp140.dll
0x00007ffb367a0000 - 0x00007ffb3729f000 	C:\Program Files\Java\jdk-11.0.12\bin\server\jvm.dll
0x00007ffbb64d0000 - 0x00007ffbb64d8000 	C:\WINDOWS\System32\PSAPI.DLL
0x00007ffb9ba70000 - 0x00007ffb9ba79000 	C:\WINDOWS\SYSTEM32\WSOCK32.dll
0x00007ffbaeca0000 - 0x00007ffbaecd4000 	C:\WINDOWS\SYSTEM32\WINMM.dll
0x00007ffbb6870000 - 0x00007ffbb68e1000 	C:\WINDOWS\System32\WS2_32.dll
0x00007ffbb2db0000 - 0x00007ffbb2dc8000 	C:\WINDOWS\SYSTEM32\kernel.appcore.dll
0x00007ffb9a000000 - 0x00007ffb9a010000 	C:\Program Files\Java\jdk-11.0.12\bin\verify.dll
0x00007ffbb13e0000 - 0x00007ffbb160e000 	C:\WINDOWS\SYSTEM32\DBGHELP.DLL
0x00007ffbb4900000 - 0x00007ffbb4c8a000 	C:\WINDOWS\System32\combase.dll
0x00007ffbb6950000 - 0x00007ffbb6a27000 	C:\WINDOWS\System32\OLEAUT32.dll
0x00007ffbaec60000 - 0x00007ffbaec92000 	C:\WINDOWS\SYSTEM32\dbgcore.DLL
0x00007ffbb4240000 - 0x00007ffbb42ba000 	C:\WINDOWS\System32\bcryptPrimitives.dll
0x00007ffb8f9e0000 - 0x00007ffb8fa08000 	C:\Program Files\Java\jdk-11.0.12\bin\java.dll
0x00007ffb92690000 - 0x00007ffb9269a000 	C:\Program Files\Java\jdk-11.0.12\bin\jimage.dll
0x00007ffb904b0000 - 0x00007ffb904c6000 	C:\Program Files\Java\jdk-11.0.12\bin\zip.dll
0x00007ffbb4ec0000 - 0x00007ffbb5718000 	C:\WINDOWS\System32\SHELL32.dll
0x00007ffbb1d00000 - 0x00007ffbb25f2000 	C:\WINDOWS\SYSTEM32\windows.storage.dll
0x00007ffbb1bc0000 - 0x00007ffbb1cfe000 	C:\WINDOWS\SYSTEM32\wintypes.dll
0x00007ffbb6600000 - 0x00007ffbb66f3000 	C:\WINDOWS\System32\SHCORE.dll
0x00007ffbb68f0000 - 0x00007ffbb694e000 	C:\WINDOWS\System32\shlwapi.dll
0x00007ffbb3d20000 - 0x00007ffbb3d46000 	C:\WINDOWS\SYSTEM32\profapi.dll
0x00007ffb8fbb0000 - 0x00007ffb8fbc9000 	C:\Program Files\Java\jdk-11.0.12\bin\net.dll
0x00007ffbaba60000 - 0x00007ffbabb97000 	C:\WINDOWS\SYSTEM32\WINHTTP.dll
0x00007ffbb32b0000 - 0x00007ffbb3319000 	C:\WINDOWS\system32\mswsock.dll
0x00007ffb8fb60000 - 0x00007ffb8fb72000 	C:\Program Files\Java\jdk-11.0.12\bin\nio.dll
0x000000006e700000 - 0x000000006e72d000 	C:\Users\mateg\AppData\Local\Temp\libgdxmateg\7a778cac\gdx64.dll
0x00007ffb77990000 - 0x00007ffb77a0a000 	C:\Users\mateg\AppData\Local\Temp\lwjgl_mateg\3.3.2+13\x64\lwjgl.dll
0x00007ffb41b30000 - 0x00007ffb41da0000 	C:\Users\mateg\AppData\Local\Temp\lwjgl_mateg\3.3.2+13\x64\jemalloc.dll
0x00007ffb456a0000 - 0x00007ffb45722000 	C:\Users\mateg\AppData\Local\Temp\lwjgl_mateg\3.3.2+13\x64\glfw.dll
0x00007ffb789d0000 - 0x00007ffb78a16000 	C:\WINDOWS\SYSTEM32\dinput8.dll
0x00007ffba3590000 - 0x00007ffba35a1000 	C:\WINDOWS\SYSTEM32\xinput1_4.dll
0x00007ffbb3a60000 - 0x00007ffbb3a8c000 	C:\WINDOWS\SYSTEM32\DEVOBJ.dll
0x00007ffbb3a90000 - 0x00007ffbb3ade000 	C:\WINDOWS\SYSTEM32\cfgmgr32.dll
0x00007ffbb1120000 - 0x00007ffbb114b000 	C:\WINDOWS\SYSTEM32\dwmapi.dll
0x00007ffb9ff90000 - 0x00007ffba019a000 	C:\WINDOWS\SYSTEM32\inputhost.dll
0x00007ffbb0af0000 - 0x00007ffbb0c23000 	C:\WINDOWS\SYSTEM32\CoreMessaging.dll
0x00007ffbb0e90000 - 0x00007ffbb0f3b000 	C:\WINDOWS\system32\uxtheme.dll
0x00007ffbb6380000 - 0x00007ffbb64cc000 	C:\WINDOWS\System32\MSCTF.dll
0x00007ffbb3520000 - 0x00007ffbb352c000 	C:\WINDOWS\SYSTEM32\CRYPTBASE.DLL
0x00007ffb421d0000 - 0x00007ffb42395000 	C:\Users\mateg\AppData\Local\Temp\lwjgl_mateg\3.3.2+13\x64\OpenAL.dll
0x00007ffbb4d20000 - 0x00007ffbb4ebf000 	C:\WINDOWS\System32\ole32.dll
0x00007ffbb5ee0000 - 0x00007ffbb5f90000 	C:\WINDOWS\System32\clbcatq.dll
0x00007ffba97b0000 - 0x00007ffba984d000 	C:\WINDOWS\System32\MMDevApi.dll
0x00007ffb99320000 - 0x00007ffb9950c000 	C:\WINDOWS\SYSTEM32\AUDIOSES.DLL
0x00007ffbb1730000 - 0x00007ffbb1745000 	C:\WINDOWS\SYSTEM32\resourcepolicyclient.dll
0x00007ffbb3b10000 - 0x00007ffbb3b5d000 	C:\WINDOWS\SYSTEM32\powrprof.dll
0x00007ffbb3a40000 - 0x00007ffbb3a53000 	C:\WINDOWS\SYSTEM32\UMPDC.dll
0x00007ffb8a610000 - 0x00007ffb8a710000 	C:\WINDOWS\SYSTEM32\opengl32.dll
0x00007ffb913f0000 - 0x00007ffb9141d000 	C:\WINDOWS\SYSTEM32\GLU32.dll
0x00007ffbb0f70000 - 0x00007ffbb0fa6000 	C:\WINDOWS\SYSTEM32\dxcore.dll
0x00007ffbae9e0000 - 0x00007ffbaea2a000 	C:\WINDOWS\SYSTEM32\directxdatabasehelper.dll
0x00007ffbaaf30000 - 0x00007ffbab065000 	C:\Windows\System32\AppXDeploymentClient.dll
0x00007ffb90480000 - 0x00007ffb904ad000 	C:\WINDOWS\System32\DriverStore\FileRepository\u0392096.inf_amd64_e701ad57178c2fbb\B390740\atig6pxx.dll
0x00007ffb1e780000 - 0x00007ffb2240b000 	C:\WINDOWS\System32\DriverStore\FileRepository\u0392096.inf_amd64_e701ad57178c2fbb\B390740\atio6axx.dll
0x00007ffbb5720000 - 0x00007ffbb5b94000 	C:\WINDOWS\System32\SETUPAPI.dll
0x00007ffbb40b0000 - 0x00007ffbb411c000 	C:\WINDOWS\System32\WINTRUST.dll
0x00007ffbb3f40000 - 0x00007ffbb40a6000 	C:\WINDOWS\System32\CRYPT32.dll
0x00007ffbb3560000 - 0x00007ffbb3572000 	C:\WINDOWS\SYSTEM32\MSASN1.dll
0x00007ffbb3730000 - 0x00007ffbb3758000 	C:\WINDOWS\SYSTEM32\BCrypt.dll
0x00007ffb77dd0000 - 0x00007ffb77e2e000 	C:\Users\mateg\AppData\Local\Temp\lwjgl_mateg\3.3.2+13\x64\lwjgl_opengl.dll
0x00007ffb9fdf0000 - 0x00007ffb9ff3a000 	C:\WINDOWS\SYSTEM32\textinputframework.dll
0x00007ffbae3c0000 - 0x00007ffbae72c000 	C:\WINDOWS\SYSTEM32\CoreUIComponents.dll
0x00007ffb9b470000 - 0x00007ffb9b4d9000 	C:\WINDOWS\system32\Oleacc.dll

dbghelp: loaded successfully - version: 4.0.5 - missing functions: none
symbol engine: initialized successfully - sym options: 0x614 - pdb path: .;C:\Program Files\Java\jdk-11.0.12\bin;C:\WINDOWS\SYSTEM32;C:\WINDOWS\WinSxS\amd64_microsoft.windows.common-controls_6595b64144ccf1df_6.0.22621.2361_none_2712ced57382f843;C:\Program Files\Java\jdk-11.0.12\bin\server;C:\Users\mateg\AppData\Local\Temp\libgdxmateg\7a778cac;C:\Users\mateg\AppData\Local\Temp\lwjgl_mateg\3.3.2+13\x64;C:\WINDOWS\System32\DriverStore\FileRepository\u0392096.inf_amd64_e701ad57178c2fbb\B390740

VM Arguments:
jvm_args: -Dfile.encoding=windows-1252 -Duser.country=US -Duser.language=en -Duser.variant 
java_command: com.mygdx.game.DesktopLauncher
java_class_path (initial): C:\Users\mateg\Desktop\ninelives\ninelives\desktop\build\classes\java\main;C:\Users\mateg\Desktop\ninelives\ninelives\desktop\build\resources\main;C:\Users\mateg\.gradle\caches\modules-2\files-2.1\com.badlogicgames.gdx\gdx-backend-lwjgl3\1.12.0\3f86d55b930c4ff54661e85163d96a84e4ead725\gdx-backend-lwjgl3-1.12.0.jar;C:\Users\mateg\.gradle\caches\modules-2\files-2.1\com.badlogicgames.gdx\gdx-platform\1.12.0\47e1147f66a38eb0fad40582df5175f6326ce5b8\gdx-platform-1.12.0-natives-desktop.jar;C:\Users\mateg\Desktop\ninelives\ninelives\core\build\libs\core-1.0.jar;C:\Users\mateg\.gradle\caches\modules-2\files-2.1\com.badlogicgames.gdx\gdx\1.12.0\8a9080c5e2d441e43a44fbcbf721374a2e0b9dfa\gdx-1.12.0.jar;C:\Users\mateg\.gradle\caches\modules-2\files-2.1\org.lwjgl\lwjgl-glfw\3.3.2\757920418805fb90bfebb3d46b1d9e7669fca2eb\lwjgl-glfw-3.3.2.jar;C:\Users\mateg\.gradle\caches\modules-2\files-2.1\org.lwjgl\lwjgl-glfw\3.3.2\766bb0e8e829598b1c8052fd8173c62af741c52\lwjgl-glfw-3.3.2-natives-linux.jar;C:\Users\mateg\.gradle\caches\modules-2\files-2.1\org.lwjgl\lwjgl-glfw\3.3.2\5907d9a6b7c44fb0612a63bb1cff5992588f65be\lwjgl-glfw-3.3.2-natives-linux-arm32.jar;C:\Users\mateg\.gradle\caches\modules-2\files-2.1\org.lwjgl\lwjgl-glfw\3.3.2\bc49e64bae0f7ff103a312ee8074a34c4eb034c7\lwjgl-glfw-3.3.2-natives-linux-arm64.jar;C:\Users\mateg\.gradle\caches\modules-2\files-2.1\org.lwjgl\lwjgl-glfw\3.3.2\8223ba1b757c43624f03b09ab9d9228c7f6db001\lwjgl-glfw-3.3.2-natives-macos.jar;C:\Users\mateg\.gradle\caches\modules-2\files-2.1\org.lwjgl\lwjgl-glfw\3.3.2\7e35644de1bf324ca9b7d52acd6e0b8d9a6da4ad\lwjgl-glfw-3.3.2-natives-macos-arm64.jar;C:\Users\mateg\.gradle\caches\modules-2\files-2.1\org.lwjgl\lwjgl-glfw\3.3.2\1251e3cb7e5d6159334cfb9244f789ce992f03b\lwjgl-glfw-3.3.2-natives-windows.jar;C:\Users\mateg\.gradle\caches\modules-2\files-2.1\org.lwjgl\lwjgl-glfw\3.3.2\17e1f9ec031ef72c2f7825c38eeb3a79c4d8bb17\lwjgl-glfw-3.3.2-natives-windows-x86.jar;C:\Users\mateg\.gradle\caches\modules
Launcher Type: SUN_STANDARD

[Global flags]
     intx CICompilerCount                          = 3                                         {product} {ergonomic}
     uint ConcGCThreads                            = 2                                         {product} {ergonomic}
     uint G1ConcRefinementThreads                  = 6                                         {product} {ergonomic}
   size_t G1HeapRegionSize                         = 1048576                                   {product} {ergonomic}
    uintx GCDrainStackTargetSize                   = 64                                        {product} {ergonomic}
   size_t InitialHeapSize                          = 257949696                                 {product} {ergonomic}
   size_t MarkStackSize                            = 4194304                                   {product} {ergonomic}
   size_t MaxHeapSize                              = 4127195136                                {product} {ergonomic}
   size_t MaxNewSize                               = 2475687936                                {product} {ergonomic}
   size_t MinHeapDeltaBytes                        = 1048576                                   {product} {ergonomic}
    uintx NonNMethodCodeHeapSize                   = 5830732                                {pd product} {ergonomic}
    uintx NonProfiledCodeHeapSize                  = 122913754                              {pd product} {ergonomic}
    uintx ProfiledCodeHeapSize                     = 122913754                              {pd product} {ergonomic}
    uintx ReservedCodeCacheSize                    = 251658240                              {pd product} {ergonomic}
     bool SegmentedCodeCache                       = true                                      {product} {ergonomic}
     bool UseCompressedClassPointers               = true                                 {lp64_product} {ergonomic}
     bool UseCompressedOops                        = true                                 {lp64_product} {ergonomic}
     bool UseG1GC                                  = true                                      {product} {ergonomic}
     bool UseLargePagesIndividualAllocation        = false                                  {pd product} {ergonomic}

Logging:
Log output configuration:
 #0: stdout all=warning uptime,level,tags
 #1: stderr all=off uptime,level,tags

Environment Variables:
PATH=C:\Python311\Scripts\;C:\Python311\;C:\Program Files (x86)\Razer Chroma SDK\bin;C:\Program Files\Razer Chroma SDK\bin;C:\Program Files (x86)\Razer\ChromaBroadcast\bin;C:\Program Files\Razer\ChromaBroadcast\bin;C:\WINDOWS\system32;C:\WINDOWS;C:\WINDOWS\System32\Wbem;C:\WINDOWS\System32\WindowsPowerShell\v1.0\;C:\WINDOWS\System32\OpenSSH\;C:\Program Files\Java\jdk-11.0.12\bin;C:\Program Files\Common Files\Oracle\Java\javapath;C:\WINDOWS\system32\config\systemprofile\AppData\Local\Microsoft\WindowsApps;C:\WINDOWS\system32;C:\WINDOWS;C:\WINDOWS\System32\Wbem;C:\WINDOWS\System32\WindowsPowerShell\v1.0\;C:\WINDOWS\System32\OpenSSH\;C:\Program Files\Git\cmd;C:\Program Files\Docker\Docker\resources\bin;C:\ProgramData\chocolatey\bin;C:\MinGW\bin;C:\Users\mateg\AppData\Local\Programs\Python\Python310\Scripts\;C:\Users\mateg\AppData\Local\Programs\Python\Python310\;C:\Users\mateg\AppData\Local\Microsoft\WindowsApps;C:\Users\mateg\AppData\Local\Programs\Microsoft VS Code\bin;C:\Users\mateg\AppData\Local\Programs\Python\Python310\Scripts;C:\Users\mateg\AppData\Local\Microsoft\WindowsApps;C:\MinGW\bin;C:\Users\mateg\AppData\Local\Programs\MiKTeX\miktex\bin\x64\;C:\Users\mateg\AppData\Local\GitHubDesktop\bin
USERNAME=mateg
OS=Windows_NT
PROCESSOR_IDENTIFIER=AMD64 Family 23 Model 96 Stepping 1, AuthenticAMD



---------------  S Y S T E M  ---------------

OS: Windows 10 , 64 bit Build 22621 (10.0.22621.2428)
Hyper-V role detected

CPU:total 6 (initial active 6) (6 cores per cpu, 1 threads per core) family 23 model 96 stepping 1 microcode 0x0, cmov, cx8, fxsr, mmx, sse, sse2, sse3, ssse3, sse4.1, sse4.2, popcnt, avx, avx2, aes, clmul, mmxext, 3dnowpref, lzcnt, sse4a, tsc, tscinvbit, tscinv, bmi1, bmi2, adx, sha, 

Memory: 4k page, system-wide physical 15739M (5750M free)
TotalPageFile size 19323M (AvailPageFile size 5920M)
current process WorkingSet (physical memory assigned to process): 184M, peak: 184M
current process commit charge ("private bytes"): 477M, peak: 477M

vm_info: Java HotSpot(TM) 64-Bit Server VM (11.0.12+8-LTS-237) for windows-amd64 JRE (11.0.12+8-LTS-237), built on Jun  8 2021 11:25:59 by "mach5one" with MS VC++ 15.9 (VS2017)

END.
